  ModuleSceneIntro.cpp
c:\users\vlad\documents\github\pinball-game\animation.h(44): warning C4244: '=': conversion from 'int' to 'float', possible loss of data
c:\users\vlad\documents\github\pinball-game\modulesceneintro.h(71): error C2040: 'ModuleSceneIntro::left_flopper': 'Animation' differs in levels of indirection from 'PhysBody *'
c:\users\vlad\documents\github\pinball-game\modulesceneintro.h(72): error C2040: 'ModuleSceneIntro::right_flopper': 'Animation' differs in levels of indirection from 'PhysBody *'
c:\users\vlad\documents\github\pinball-game\modulesceneintro.cpp(103): error C2228: left of '.PushBack' must have class/struct/union
c:\users\vlad\documents\github\pinball-game\modulesceneintro.cpp(104): error C2228: left of '.PushBack' must have class/struct/union
c:\users\vlad\documents\github\pinball-game\modulesceneintro.cpp(105): error C2228: left of '.speed' must have class/struct/union
c:\users\vlad\documents\github\pinball-game\modulesceneintro.cpp(106): error C2228: left of '.loop' must have class/struct/union
c:\users\vlad\documents\github\pinball-game\modulesceneintro.cpp(108): error C2228: left of '.PushBack' must have class/struct/union
c:\users\vlad\documents\github\pinball-game\modulesceneintro.cpp(109): error C2228: left of '.PushBack' must have class/struct/union
c:\users\vlad\documents\github\pinball-game\modulesceneintro.cpp(110): error C2228: left of '.speed' must have class/struct/union
c:\users\vlad\documents\github\pinball-game\modulesceneintro.cpp(111): error C2228: left of '.loop' must have class/struct/union
c:\users\vlad\documents\github\pinball-game\modulesceneintro.cpp(266): error C2065: 'kickers_fx': undeclared identifier
c:\users\vlad\documents\github\pinball-game\modulesceneintro.cpp(279): error C2065: 'spritesheetheet': undeclared identifier
c:\users\vlad\documents\github\pinball-game\modulesceneintro.cpp(279): error C2228: left of '.GetCurrentFrame' must have class/struct/union
c:\users\vlad\documents\github\pinball-game\modulesceneintro.cpp(280): error C2228: left of '.GetCurrentFrame' must have class/struct/union
c:\users\vlad\documents\github\pinball-game\modulesceneintro.cpp(298): error C2065: 'mid_hitted': undeclared identifier
c:\users\vlad\documents\github\pinball-game\modulesceneintro.cpp(301): error C2065: 'mid_hitted': undeclared identifier
c:\users\vlad\documents\github\pinball-game\modulesceneintro.cpp(326): error C2065: 'tunnels': undeclared identifier
c:\users\vlad\documents\github\pinball-game\modulesceneintro.cpp(327): error C2065: 'tunnels_top': undeclared identifier
c:\users\vlad\documents\github\pinball-game\modulesceneintro.cpp(344): error C2065: 'tunnels': undeclared identifier
c:\users\vlad\documents\github\pinball-game\modulesceneintro.cpp(345): error C2065: 'tunnels_top': undeclared identifier
c:\users\vlad\documents\github\pinball-game\modulesceneintro.cpp(351): warning C4244: 'argument': conversion from 'int' to 'float', possible loss of data
c:\users\vlad\documents\github\pinball-game\modulesceneintro.cpp(353): warning C4244: 'argument': conversion from 'int' to 'float', possible loss of data
c:\users\vlad\documents\github\pinball-game\modulesceneintro.cpp(355): warning C4244: 'argument': conversion from 'float' to 'int', possible loss of data
c:\users\vlad\documents\github\pinball-game\modulesceneintro.cpp(358): warning C4244: 'argument': conversion from 'float' to 'int', possible loss of data
c:\users\vlad\documents\github\pinball-game\modulesceneintro.cpp(365): error C2065: 'canon': undeclared identifier
c:\users\vlad\documents\github\pinball-game\modulesceneintro.cpp(365): error C2228: left of '.frames' must have class/struct/union
  c:\users\vlad\documents\github\pinball-game\modulesceneintro.cpp(365): note: type is 'unknown-type'
c:\users\vlad\documents\github\pinball-game\modulesceneintro.cpp(366): error C2065: 'canon': undeclared identifier
c:\users\vlad\documents\github\pinball-game\modulesceneintro.cpp(366): error C2228: left of '.Reset' must have class/struct/union
  c:\users\vlad\documents\github\pinball-game\modulesceneintro.cpp(366): note: type is 'unknown-type'
c:\users\vlad\documents\github\pinball-game\modulesceneintro.cpp(369): error C2065: 'canon': undeclared identifier
c:\users\vlad\documents\github\pinball-game\modulesceneintro.cpp(369): error C2228: left of '.GetCurrentFrame' must have class/struct/union
  c:\users\vlad\documents\github\pinball-game\modulesceneintro.cpp(369): note: type is 'unknown-type'
c:\users\vlad\documents\github\pinball-game\modulesceneintro.cpp(373): error C2065: 'boss': undeclared identifier
c:\users\vlad\documents\github\pinball-game\modulesceneintro.cpp(373): error C2228: left of '.GetCurrentFrame' must have class/struct/union
  c:\users\vlad\documents\github\pinball-game\modulesceneintro.cpp(373): note: type is 'unknown-type'
c:\users\vlad\documents\github\pinball-game\modulesceneintro.cpp(375): error C2065: 'boss_hited': undeclared identifier
c:\users\vlad\documents\github\pinball-game\modulesceneintro.cpp(383): error C2065: 'hit_boss': undeclared identifier
c:\users\vlad\documents\github\pinball-game\modulesceneintro.cpp(383): error C2228: left of '.GetCurrentFrame' must have class/struct/union
  c:\users\vlad\documents\github\pinball-game\modulesceneintro.cpp(383): note: type is 'unknown-type'
c:\users\vlad\documents\github\pinball-game\modulesceneintro.cpp(384): error C2065: 'hit_boss': undeclared identifier
c:\users\vlad\documents\github\pinball-game\modulesceneintro.cpp(384): error C2228: left of '.Finished' must have class/struct/union
  c:\users\vlad\documents\github\pinball-game\modulesceneintro.cpp(384): note: type is 'unknown-type'
c:\users\vlad\documents\github\pinball-game\modulesceneintro.cpp(386): error C2065: 'boss_hited': undeclared identifier
c:\users\vlad\documents\github\pinball-game\modulesceneintro.cpp(387): error C2065: 'hit_boss': undeclared identifier
c:\users\vlad\documents\github\pinball-game\modulesceneintro.cpp(387): error C2228: left of '.Reset' must have class/struct/union
  c:\users\vlad\documents\github\pinball-game\modulesceneintro.cpp(387): note: type is 'unknown-type'
c:\users\vlad\documents\github\pinball-game\modulesceneintro.cpp(414): error C2065: 'gameover': undeclared identifier
c:\users\vlad\documents\github\pinball-game\modulesceneintro.cpp(421): error C2065: 'winning': undeclared identifier
c:\users\vlad\documents\github\pinball-game\modulesceneintro.cpp(425): error C2065: 'win_fx': undeclared identifier
c:\users\vlad\documents\github\pinball-game\modulesceneintro.cpp(438): error C2065: 'bonus_fx': undeclared identifier
  Application.cpp
c:\users\vlad\documents\github\pinball-game\animation.h(44): warning C4244: '=': conversion from 'int' to 'float', possible loss of data
c:\users\vlad\documents\github\pinball-game\modulesceneintro.h(71): error C2040: 'ModuleSceneIntro::left_flopper': 'Animation' differs in levels of indirection from 'PhysBody *'
c:\users\vlad\documents\github\pinball-game\modulesceneintro.h(72): error C2040: 'ModuleSceneIntro::right_flopper': 'Animation' differs in levels of indirection from 'PhysBody *'
  Generating Code...
