  Application.cpp
c:\users\vlad\documents\github\pinball-game\pinball_game\Animation.h(44): warning C4244: '=': conversion from 'int' to 'float', possible loss of data
C:\Program Files (x86)\Microsoft Visual Studio 14.0\VC\include\limits(210): warning C4577: 'noexcept' used with no exception handling mode specified; termination on exception is not guaranteed. Specify /EHsc
  log.cpp
  Main.cpp
  ModuleAudio.cpp
  ModuleInput.cpp
  ModulePhysics.cpp
ModulePhysics.cpp(117): warning C4244: '=': conversion from 'float' to 'int', possible loss of data
ModulePhysics.cpp(118): warning C4244: '=': conversion from 'float' to 'int', possible loss of data
ModulePhysics.cpp(161): warning C4018: '<': signed/unsigned mismatch
ModulePhysics.cpp(352): warning C4244: 'initializing': conversion from 'int' to 'float', possible loss of data
ModulePhysics.cpp(353): warning C4244: 'initializing': conversion from 'int' to 'float', possible loss of data
ModulePhysics.cpp(359): warning C4244: 'return': conversion from 'float32' to 'int', possible loss of data
C:\Program Files (x86)\Microsoft Visual Studio 14.0\VC\include\cmath(131): warning C4577: 'noexcept' used with no exception handling mode specified; termination on exception is not guaranteed. Specify /EHsc
  ModulePlayer.cpp
  ModuleRender.cpp
  ModuleSceneIntro.cpp
c:\users\vlad\documents\github\pinball-game\pinball_game\Animation.h(44): warning C4244: '=': conversion from 'int' to 'float', possible loss of data
ModuleSceneIntro.cpp(349): warning C4244: 'argument': conversion from 'int' to 'float', possible loss of data
ModuleSceneIntro.cpp(351): warning C4244: 'argument': conversion from 'int' to 'float', possible loss of data
ModuleSceneIntro.cpp(353): warning C4244: 'argument': conversion from 'float' to 'int', possible loss of data
ModuleSceneIntro.cpp(356): warning C4244: 'argument': conversion from 'float' to 'int', possible loss of data
C:\Program Files (x86)\Microsoft Visual Studio 14.0\VC\include\limits(210): warning C4577: 'noexcept' used with no exception handling mode specified; termination on exception is not guaranteed. Specify /EHsc
  ModuleTextures.cpp
  ModuleWindow.cpp
LINK : fatal error LNK1104: cannot open file 'SDL/libx86/SDL2.lib'
